This is pdfTeX, Version 3.14159265-2.6-1.40.18 (TeX Live 2017/W32TeX) (preloaded format=pdflatex 2017.8.31)  31 OCT 2017 10:13
entering extended mode
 restricted \write18 enabled.
 %&-line parsing enabled.
**./report.tex
(./report.tex
LaTeX2e <2017-04-15>
Babel <3.12> and hyphenation patterns for 84 language(s) loaded.
(c:/texlive/2017/texmf-dist/tex/latex/base/article.cls
Document Class: article 2014/09/29 v1.4h Standard LaTeX document class
(c:/texlive/2017/texmf-dist/tex/latex/base/size10.clo
File: size10.clo 2014/09/29 v1.4h Standard LaTeX file (size option)
)
\c@part=\count79
\c@section=\count80
\c@subsection=\count81
\c@subsubsection=\count82
\c@paragraph=\count83
\c@subparagraph=\count84
\c@figure=\count85
\c@table=\count86
\abovecaptionskip=\skip41
\belowcaptionskip=\skip42
\bibindent=\dimen102
)
(c:/texlive/2017/texmf-dist/tex/latex/geometry/geometry.sty
Package: geometry 2010/09/12 v5.6 Page Geometry

(c:/texlive/2017/texmf-dist/tex/latex/graphics/keyval.sty
Package: keyval 2014/10/28 v1.15 key=value parser (DPC)
\KV@toks@=\toks14
)
(c:/texlive/2017/texmf-dist/tex/generic/oberdiek/ifpdf.sty
Package: ifpdf 2017/03/15 v3.2 Provides the ifpdf switch
)
(c:/texlive/2017/texmf-dist/tex/generic/oberdiek/ifvtex.sty
Package: ifvtex 2016/05/16 v1.6 Detect VTeX and its facilities (HO)
Package ifvtex Info: VTeX not detected.
)
(c:/texlive/2017/texmf-dist/tex/generic/ifxetex/ifxetex.sty
Package: ifxetex 2010/09/12 v0.6 Provides ifxetex conditional
)
\Gm@cnth=\count87
\Gm@cntv=\count88
\c@Gm@tempcnt=\count89
\Gm@bindingoffset=\dimen103
\Gm@wd@mp=\dimen104
\Gm@odd@mp=\dimen105
\Gm@even@mp=\dimen106
\Gm@layoutwidth=\dimen107
\Gm@layoutheight=\dimen108
\Gm@layouthoffset=\dimen109
\Gm@layoutvoffset=\dimen110
\Gm@dimlist=\toks15
)
(c:/texlive/2017/texmf-dist/tex/latex/graphics/graphicx.sty
Package: graphicx 2017/06/01 v1.1a Enhanced LaTeX Graphics (DPC,SPQR)

(c:/texlive/2017/texmf-dist/tex/latex/graphics/graphics.sty
Package: graphics 2017/06/25 v1.2c Standard LaTeX Graphics (DPC,SPQR)

(c:/texlive/2017/texmf-dist/tex/latex/graphics/trig.sty
Package: trig 2016/01/03 v1.10 sin cos tan (DPC)
)
(c:/texlive/2017/texmf-dist/tex/latex/graphics-cfg/graphics.cfg
File: graphics.cfg 2016/06/04 v1.11 sample graphics configuration
)
Package graphics Info: Driver file: pdftex.def on input line 99.

(c:/texlive/2017/texmf-dist/tex/latex/graphics-def/pdftex.def
File: pdftex.def 2017/06/24 v1.0g Graphics/color driver for pdftex
))
\Gin@req@height=\dimen111
\Gin@req@width=\dimen112
)
(c:/texlive/2017/texmf-dist/tex/latex/fancyhdr/fancyhdr.sty
Package: fancyhdr 2017/06/30 v3.9a Extensive control of page headers and footer
s
\f@nch@headwidth=\skip43
\f@nch@O@elh=\skip44
\f@nch@O@erh=\skip45
\f@nch@O@olh=\skip46
\f@nch@O@orh=\skip47
\f@nch@O@elf=\skip48
\f@nch@O@erf=\skip49
\f@nch@O@olf=\skip50
\f@nch@O@orf=\skip51
)
(c:/texlive/2017/texmf-dist/tex/latex/amsfonts/amssymb.sty
Package: amssymb 2013/01/14 v3.01 AMS font symbols

(c:/texlive/2017/texmf-dist/tex/latex/amsfonts/amsfonts.sty
Package: amsfonts 2013/01/14 v3.01 Basic AMSFonts support
\@emptytoks=\toks16
\symAMSa=\mathgroup4
\symAMSb=\mathgroup5
LaTeX Font Info:    Overwriting math alphabet `\mathfrak' in version `bold'
(Font)                  U/euf/m/n --> U/euf/b/n on input line 106.
))
(c:/texlive/2017/texmf-dist/tex/latex/amsmath/amsmath.sty
Package: amsmath 2016/11/05 v2.16a AMS math features
\@mathmargin=\skip52

For additional information on amsmath, use the `?' option.
(c:/texlive/2017/texmf-dist/tex/latex/amsmath/amstext.sty
Package: amstext 2000/06/29 v2.01 AMS text

(c:/texlive/2017/texmf-dist/tex/latex/amsmath/amsgen.sty
File: amsgen.sty 1999/11/30 v2.0 generic functions
\@emptytoks=\toks17
\ex@=\dimen113
))
(c:/texlive/2017/texmf-dist/tex/latex/amsmath/amsbsy.sty
Package: amsbsy 1999/11/29 v1.2d Bold Symbols
\pmbraise@=\dimen114
)
(c:/texlive/2017/texmf-dist/tex/latex/amsmath/amsopn.sty
Package: amsopn 2016/03/08 v2.02 operator names
)
\inf@bad=\count90
LaTeX Info: Redefining \frac on input line 213.
\uproot@=\count91
\leftroot@=\count92
LaTeX Info: Redefining \overline on input line 375.
\classnum@=\count93
\DOTSCASE@=\count94
LaTeX Info: Redefining \ldots on input line 472.
LaTeX Info: Redefining \dots on input line 475.
LaTeX Info: Redefining \cdots on input line 596.
\Mathstrutbox@=\box26
\strutbox@=\box27
\big@size=\dimen115
LaTeX Font Info:    Redeclaring font encoding OML on input line 712.
LaTeX Font Info:    Redeclaring font encoding OMS on input line 713.
\macc@depth=\count95
\c@MaxMatrixCols=\count96
\dotsspace@=\muskip10
\c@parentequation=\count97
\dspbrk@lvl=\count98
\tag@help=\toks18
\row@=\count99
\column@=\count100
\maxfields@=\count101
\andhelp@=\toks19
\eqnshift@=\dimen116
\alignsep@=\dimen117
\tagshift@=\dimen118
\tagwidth@=\dimen119
\totwidth@=\dimen120
\lineht@=\dimen121
\@envbody=\toks20
\multlinegap=\skip53
\multlinetaggap=\skip54
\mathdisplay@stack=\toks21
LaTeX Info: Redefining \[ on input line 2817.
LaTeX Info: Redefining \] on input line 2818.
)
(c:/texlive/2017/texmf-dist/tex/latex/caption/caption.sty
Package: caption 2016/02/21 v3.3-144 Customizing captions (AR)

(c:/texlive/2017/texmf-dist/tex/latex/caption/caption3.sty
Package: caption3 2016/05/22 v1.7-166 caption3 kernel (AR)
Package caption3 Info: TeX engine: e-TeX on input line 67.
\captionmargin=\dimen122
\captionmargin@=\dimen123
\captionwidth=\dimen124
\caption@tempdima=\dimen125
\caption@indent=\dimen126
\caption@parindent=\dimen127
\caption@hangindent=\dimen128
)
\c@ContinuedFloat=\count102
)
(c:/texlive/2017/texmf-dist/tex/latex/caption/subcaption.sty
Package: subcaption 2016/05/22 v1.1-161 Sub-captions (AR)
\c@subfigure=\count103
\c@subtable=\count104
)
(c:/texlive/2017/texmf-dist/tex/latex/tools/enumerate.sty
Package: enumerate 2015/07/23 v3.00 enumerate extensions (DPC)
\@enLab=\toks22
)
(c:/texlive/2017/texmf-dist/tex/latex/base/textcomp.sty
Package: textcomp 2017/04/05 v2.0i Standard LaTeX package
Package textcomp Info: Sub-encoding information:
(textcomp)               5 = only ISO-Adobe without \textcurrency
(textcomp)               4 = 5 + \texteuro
(textcomp)               3 = 4 + \textohm
(textcomp)               2 = 3 + \textestimated + \textcurrency
(textcomp)               1 = TS1 - \textcircled - \t
(textcomp)               0 = TS1 (full)
(textcomp)             Font families with sub-encoding setting implement
(textcomp)             only a restricted character set as indicated.
(textcomp)             Family '?' is the default used for unknown fonts.
(textcomp)             See the documentation for details.
Package textcomp Info: Setting ? sub-encoding to TS1/1 on input line 79.

(c:/texlive/2017/texmf-dist/tex/latex/base/ts1enc.def
File: ts1enc.def 2001/06/05 v3.0e (jk/car/fm) Standard LaTeX file
)
LaTeX Info: Redefining \oldstylenums on input line 334.
Package textcomp Info: Setting cmr sub-encoding to TS1/0 on input line 349.
Package textcomp Info: Setting cmss sub-encoding to TS1/0 on input line 350.
Package textcomp Info: Setting cmtt sub-encoding to TS1/0 on input line 351.
Package textcomp Info: Setting cmvtt sub-encoding to TS1/0 on input line 352.
Package textcomp Info: Setting cmbr sub-encoding to TS1/0 on input line 353.
Package textcomp Info: Setting cmtl sub-encoding to TS1/0 on input line 354.
Package textcomp Info: Setting ccr sub-encoding to TS1/0 on input line 355.
Package textcomp Info: Setting ptm sub-encoding to TS1/4 on input line 356.
Package textcomp Info: Setting pcr sub-encoding to TS1/4 on input line 357.
Package textcomp Info: Setting phv sub-encoding to TS1/4 on input line 358.
Package textcomp Info: Setting ppl sub-encoding to TS1/3 on input line 359.
Package textcomp Info: Setting pag sub-encoding to TS1/4 on input line 360.
Package textcomp Info: Setting pbk sub-encoding to TS1/4 on input line 361.
Package textcomp Info: Setting pnc sub-encoding to TS1/4 on input line 362.
Package textcomp Info: Setting pzc sub-encoding to TS1/4 on input line 363.
Package textcomp Info: Setting bch sub-encoding to TS1/4 on input line 364.
Package textcomp Info: Setting put sub-encoding to TS1/5 on input line 365.
Package textcomp Info: Setting uag sub-encoding to TS1/5 on input line 366.
Package textcomp Info: Setting ugq sub-encoding to TS1/5 on input line 367.
Package textcomp Info: Setting ul8 sub-encoding to TS1/4 on input line 368.
Package textcomp Info: Setting ul9 sub-encoding to TS1/4 on input line 369.
Package textcomp Info: Setting augie sub-encoding to TS1/5 on input line 370.
Package textcomp Info: Setting dayrom sub-encoding to TS1/3 on input line 371.
Package textcomp Info: Setting dayroms sub-encoding to TS1/3 on input line 372.

Package textcomp Info: Setting pxr sub-encoding to TS1/0 on input line 373.
Package textcomp Info: Setting pxss sub-encoding to TS1/0 on input line 374.
Package textcomp Info: Setting pxtt sub-encoding to TS1/0 on input line 375.
Package textcomp Info: Setting txr sub-encoding to TS1/0 on input line 376.
Package textcomp Info: Setting txss sub-encoding to TS1/0 on input line 377.
Package textcomp Info: Setting txtt sub-encoding to TS1/0 on input line 378.
Package textcomp Info: Setting lmr sub-encoding to TS1/0 on input line 379.
Package textcomp Info: Setting lmdh sub-encoding to TS1/0 on input line 380.
Package textcomp Info: Setting lmss sub-encoding to TS1/0 on input line 381.
Package textcomp Info: Setting lmssq sub-encoding to TS1/0 on input line 382.
Package textcomp Info: Setting lmvtt sub-encoding to TS1/0 on input line 383.
Package textcomp Info: Setting lmtt sub-encoding to TS1/0 on input line 384.
Package textcomp Info: Setting qhv sub-encoding to TS1/0 on input line 385.
Package textcomp Info: Setting qag sub-encoding to TS1/0 on input line 386.
Package textcomp Info: Setting qbk sub-encoding to TS1/0 on input line 387.
Package textcomp Info: Setting qcr sub-encoding to TS1/0 on input line 388.
Package textcomp Info: Setting qcs sub-encoding to TS1/0 on input line 389.
Package textcomp Info: Setting qpl sub-encoding to TS1/0 on input line 390.
Package textcomp Info: Setting qtm sub-encoding to TS1/0 on input line 391.
Package textcomp Info: Setting qzc sub-encoding to TS1/0 on input line 392.
Package textcomp Info: Setting qhvc sub-encoding to TS1/0 on input line 393.
Package textcomp Info: Setting futs sub-encoding to TS1/4 on input line 394.
Package textcomp Info: Setting futx sub-encoding to TS1/4 on input line 395.
Package textcomp Info: Setting futj sub-encoding to TS1/4 on input line 396.
Package textcomp Info: Setting hlh sub-encoding to TS1/3 on input line 397.
Package textcomp Info: Setting hls sub-encoding to TS1/3 on input line 398.
Package textcomp Info: Setting hlst sub-encoding to TS1/3 on input line 399.
Package textcomp Info: Setting hlct sub-encoding to TS1/5 on input line 400.
Package textcomp Info: Setting hlx sub-encoding to TS1/5 on input line 401.
Package textcomp Info: Setting hlce sub-encoding to TS1/5 on input line 402.
Package textcomp Info: Setting hlcn sub-encoding to TS1/5 on input line 403.
Package textcomp Info: Setting hlcw sub-encoding to TS1/5 on input line 404.
Package textcomp Info: Setting hlcf sub-encoding to TS1/5 on input line 405.
Package textcomp Info: Setting pplx sub-encoding to TS1/3 on input line 406.
Package textcomp Info: Setting pplj sub-encoding to TS1/3 on input line 407.
Package textcomp Info: Setting ptmx sub-encoding to TS1/4 on input line 408.
Package textcomp Info: Setting ptmj sub-encoding to TS1/4 on input line 409.
)
(c:/texlive/2017/texmf-dist/tex/latex/placeins/placeins.sty
Package: placeins 2005/04/18  v 2.2
)
(c:/texlive/2017/texmf-dist/tex/latex/blindtext/blindtext.sty
Package: blindtext 2012/01/06 V2.0 blindtext-Package

(c:/texlive/2017/texmf-dist/tex/latex/tools/xspace.sty
Package: xspace 2014/10/28 v1.13 Space after command names (DPC,MH)
)
\c@blindtext=\count105
\c@Blindtext=\count106
\c@blind@countparstart=\count107
\blind@countxx=\count108
\blindtext@numBlindtext=\count109
\blind@countyy=\count110
\c@blindlist=\count111
\c@blindlistlevel=\count112
\c@blindlist@level=\count113
\blind@listitem=\count114
\c@blind@listcount=\count115
\c@blind@levelcount=\count116
\blind@mathformula=\count117
\blind@Mathformula=\count118
\c@blind@randomcount=\count119
\c@blind@randommax=\count120
\c@blind@pangramcount=\count121
\c@blind@pangrammax=\count122
) (./report.aux)
\openout1 = `report.aux'.

LaTeX Font Info:    Checking defaults for OML/cmm/m/it on input line 18.
LaTeX Font Info:    ... okay on input line 18.
LaTeX Font Info:    Checking defaults for T1/cmr/m/n on input line 18.
LaTeX Font Info:    ... okay on input line 18.
LaTeX Font Info:    Checking defaults for OT1/cmr/m/n on input line 18.
LaTeX Font Info:    ... okay on input line 18.
LaTeX Font Info:    Checking defaults for OMS/cmsy/m/n on input line 18.
LaTeX Font Info:    ... okay on input line 18.
LaTeX Font Info:    Checking defaults for OMX/cmex/m/n on input line 18.
LaTeX Font Info:    ... okay on input line 18.
LaTeX Font Info:    Checking defaults for U/cmr/m/n on input line 18.
LaTeX Font Info:    ... okay on input line 18.
LaTeX Font Info:    Checking defaults for TS1/cmr/m/n on input line 18.
LaTeX Font Info:    Try loading font information for TS1+cmr on input line 18.

(c:/texlive/2017/texmf-dist/tex/latex/base/ts1cmr.fd
File: ts1cmr.fd 2014/09/29 v2.5h Standard LaTeX font definitions
)
LaTeX Font Info:    ... okay on input line 18.

*geometry* driver: auto-detecting
*geometry* detected driver: pdftex
*geometry* verbose mode - [ preamble ] result:
* driver: pdftex
* paper: <default>
* layout: <same size as paper>
* layoutoffset:(h,v)=(0.0pt,0.0pt)
* modes: 
* h-part:(L,W,R)=(54.2025pt, 505.89pt, 54.2025pt)
* v-part:(T,H,B)=(54.2025pt, 686.56499pt, 54.2025pt)
* \paperwidth=614.295pt
* \paperheight=794.96999pt
* \textwidth=505.89pt
* \textheight=686.56499pt
* \oddsidemargin=-18.06749pt
* \evensidemargin=-18.06749pt
* \topmargin=-55.06749pt
* \headheight=12.0pt
* \headsep=25.0pt
* \topskip=10.0pt
* \footskip=30.0pt
* \marginparwidth=65.0pt
* \marginparsep=11.0pt
* \columnsep=10.0pt
* \skip\footins=9.0pt plus 4.0pt minus 2.0pt
* \hoffset=0.0pt
* \voffset=0.0pt
* \mag=1000
* \@twocolumnfalse
* \@twosidefalse
* \@mparswitchfalse
* \@reversemarginfalse
* (1in=72.27pt=25.4mm, 1cm=28.453pt)

(c:/texlive/2017/texmf-dist/tex/context/base/mkii/supp-pdf.mkii
[Loading MPS to PDF converter (version 2006.09.02).]
\scratchcounter=\count123
\scratchdimen=\dimen129
\scratchbox=\box28
\nofMPsegments=\count124
\nofMParguments=\count125
\everyMPshowfont=\toks23
\MPscratchCnt=\count126
\MPscratchDim=\dimen130
\MPnumerator=\count127
\makeMPintoPDFobject=\count128
\everyMPtoPDFconversion=\toks24
) (c:/texlive/2017/texmf-dist/tex/latex/oberdiek/epstopdf-base.sty
Package: epstopdf-base 2016/05/15 v2.6 Base part for package epstopdf

(c:/texlive/2017/texmf-dist/tex/generic/oberdiek/infwarerr.sty
Package: infwarerr 2016/05/16 v1.4 Providing info/warning/error messages (HO)
)
(c:/texlive/2017/texmf-dist/tex/latex/oberdiek/grfext.sty
Package: grfext 2016/05/16 v1.2 Manage graphics extensions (HO)

(c:/texlive/2017/texmf-dist/tex/generic/oberdiek/kvdefinekeys.sty
Package: kvdefinekeys 2016/05/16 v1.4 Define keys (HO)

(c:/texlive/2017/texmf-dist/tex/generic/oberdiek/ltxcmds.sty
Package: ltxcmds 2016/05/16 v1.23 LaTeX kernel commands for general use (HO)
)))
(c:/texlive/2017/texmf-dist/tex/latex/oberdiek/kvoptions.sty
Package: kvoptions 2016/05/16 v3.12 Key value format for package options (HO)

(c:/texlive/2017/texmf-dist/tex/generic/oberdiek/kvsetkeys.sty
Package: kvsetkeys 2016/05/16 v1.17 Key value parser (HO)

(c:/texlive/2017/texmf-dist/tex/generic/oberdiek/etexcmds.sty
Package: etexcmds 2016/05/16 v1.6 Avoid name clashes with e-TeX commands (HO)

(c:/texlive/2017/texmf-dist/tex/generic/oberdiek/ifluatex.sty
Package: ifluatex 2016/05/16 v1.4 Provides the ifluatex switch (HO)
Package ifluatex Info: LuaTeX not detected.
)
Package etexcmds Info: Could not find \expanded.
(etexcmds)             That can mean that you are not using pdfTeX 1.50 or
(etexcmds)             that some package has redefined \expanded.
(etexcmds)             In the latter case, load this package earlier.
)))
(c:/texlive/2017/texmf-dist/tex/generic/oberdiek/pdftexcmds.sty
Package: pdftexcmds 2017/03/19 v0.25 Utility functions of pdfTeX for LuaTeX (HO
)
Package pdftexcmds Info: LuaTeX not detected.
Package pdftexcmds Info: \pdf@primitive is available.
Package pdftexcmds Info: \pdf@ifprimitive is available.
Package pdftexcmds Info: \pdfdraftmode found.
)
Package epstopdf-base Info: Redefining graphics rule for `.eps' on input line 4
38.
Package grfext Info: Graphics extension search list:
(grfext)             [.pdf,.png,.jpg,.mps,.jpeg,.jbig2,.jb2,.PDF,.PNG,.JPG,.JPE
G,.JBIG2,.JB2,.eps]
(grfext)             \AppendGraphicsExtensions on input line 456.

(c:/texlive/2017/texmf-dist/tex/latex/latexconfig/epstopdf-sys.cfg
File: epstopdf-sys.cfg 2010/07/13 v1.3 Configuration of (r)epstopdf for TeX Liv
e
))
Package caption Info: Begin \AtBeginDocument code.
Package caption Info: End \AtBeginDocument code.
LaTeX Font Info:    Try loading font information for U+msa on input line 23.

(c:/texlive/2017/texmf-dist/tex/latex/amsfonts/umsa.fd
File: umsa.fd 2013/01/14 v3.01 AMS symbols A
)
LaTeX Font Info:    Try loading font information for U+msb on input line 23.

(c:/texlive/2017/texmf-dist/tex/latex/amsfonts/umsb.fd
File: umsb.fd 2013/01/14 v3.01 AMS symbols B
)
<lumped_schematic.png, id=1, 650.43pt x 267.24844pt>
File: lumped_schematic.png Graphic file (type png)
<use lumped_schematic.png>
Package pdftex.def Info: lumped_schematic.png  used on input line 44. on input 
line 44.
Package pdftex.def Info: Requested size: 260.16739pt x 106.89748pt on input lin
e 44.
 [1

{c:/texlive/2017/texmf-var/fonts/map/pdftex/updmap/pdftex.map}]
<stepped_schematic.png, id=17, 1189.44376pt x 582.67688pt>
File: stepped_schematic.png Graphic file (type png)
<use stepped_schematic.png>
Package pdftex.def Info: stepped_schematic.png  used on input line 75. on input
 line 75.
Package pdftex.def Info: Requested size: 475.76907pt x 233.06662pt on input lin
e 75.
<lumped_vs_stepped.png, id=18, 650.43pt x 453.94594pt>
File: lumped_vs_stepped.png Graphic file (type png)
<use lumped_vs_stepped.png>
Package pdftex.def Info: lumped_vs_stepped.png  used on input line 83. on input
 line 83.
Package pdftex.def Info: Requested size: 260.16739pt x 181.57515pt on input lin
e 83.
 [2 <./lumped_schematic.png> <./stepped_schematic.png>]
<Biasing_Network.png, id=22, 978.65625pt x 581.92406pt>
File: Biasing_Network.png Graphic file (type png)
<use Biasing_Network.png>
Package pdftex.def Info: Biasing_Network.png  used on input line 100. on input 
line 100.
Package pdftex.def Info: Requested size: 391.45557pt x 232.7655pt on input line
 100.
<output_matching_network.png, id=23, 989.19562pt x 297.36093pt>
File: output_matching_network.png Graphic file (type png)
<use output_matching_network.png>
Package pdftex.def Info: output_matching_network.png  used on input line 110. o
n input line 110.
Package pdftex.def Info: Requested size: 252.94499pt x 76.03702pt on input line
 110.
<input_matching_network.png, id=24, 986.18437pt x 578.91281pt>
File: input_matching_network.png Graphic file (type png)
<use input_matching_network.png>
Package pdftex.def Info: input_matching_network.png  used on input line 120. on
 input line 120.
Package pdftex.def Info: Requested size: 252.94499pt x 148.48207pt on input lin
e 120.
<input_and_output_matching.png, id=25, 650.43pt x 453.94594pt>
File: input_and_output_matching.png Graphic file (type png)
<use input_and_output_matching.png>
Package pdftex.def Info: input_and_output_matching.png  used on input line 129.
 on input line 129.
Package pdftex.def Info: Requested size: 252.94499pt x 176.53255pt on input lin
e 129.
<amplifier_gain.png, id=26, 650.43pt x 453.94594pt>
File: amplifier_gain.png Graphic file (type png)
<use amplifier_gain.png>
Package pdftex.def Info: amplifier_gain.png  used on input line 138. on input l
ine 138.
Package pdftex.def Info: Requested size: 252.94499pt x 176.53255pt on input lin
e 138.
<LP_filter.jpg, id=27, 1501.10812pt x 1455.93938pt>
File: LP_filter.jpg Graphic file (type jpg)
<use LP_filter.jpg>
Package pdftex.def Info: LP_filter.jpg  used on input line 149. on input line 1
49.
Package pdftex.def Info: Requested size: 252.94499pt x 245.32927pt on input lin
e 149.
 [3 <./lumped_vs_stepped.png>] [4 <./Biasing_Network.png> <./output_matching_ne
twork.png> <./input_matching_network.png>] [5 <./input_and_output_matching.png>
 <./amplifier_gain.png> <./LP_filter.jpg>]
<LP_setup.jpg, id=40, 4047.12pt x 3035.34pt>
File: LP_setup.jpg Graphic file (type jpg)
<use LP_setup.jpg>
Package pdftex.def Info: LP_setup.jpg  used on input line 158. on input line 15
8.
Package pdftex.def Info: Requested size: 252.94499pt x 189.70828pt on input lin
e 158.
<amp_S_params2.jpg, id=41, 4047.12pt x 3035.34pt>
File: amp_S_params2.jpg Graphic file (type jpg)
<use amp_S_params2.jpg>
Package pdftex.def Info: amp_S_params2.jpg  used on input line 165. on input li
ne 165.
Package pdftex.def Info: Requested size: 252.94499pt x 189.70828pt on input lin
e 165.
<power_sensor_calib.jpg, id=42, 4047.12pt x 3035.34pt>
File: power_sensor_calib.jpg Graphic file (type jpg)
<use power_sensor_calib.jpg>
Package pdftex.def Info: power_sensor_calib.jpg  used on input line 174. on inp
ut line 174.
Package pdftex.def Info: Requested size: 252.94499pt x 189.70828pt on input lin
e 174.
<amp_setup.jpg, id=43, 4047.12pt x 3035.34pt>
File: amp_setup.jpg Graphic file (type jpg)
<use amp_setup.jpg>
Package pdftex.def Info: amp_setup.jpg  used on input line 183. on input line 1
83.
Package pdftex.def Info: Requested size: 252.94499pt x 189.70828pt on input lin
e 183.
<amp_LP_input.jpg, id=44, 4047.12pt x 3035.34pt>
File: amp_LP_input.jpg Graphic file (type jpg)
<use amp_LP_input.jpg>
Package pdftex.def Info: amp_LP_input.jpg  used on input line 192. on input lin
e 192.
Package pdftex.def Info: Requested size: 252.94499pt x 189.70828pt on input lin
e 192.
<amp_LP_output.jpg, id=45, 4047.12pt x 3035.34pt>
File: amp_LP_output.jpg Graphic file (type jpg)
<use amp_LP_output.jpg>
Package pdftex.def Info: amp_LP_output.jpg  used on input line 199. on input li
ne 199.
Package pdftex.def Info: Requested size: 252.94499pt x 189.70828pt on input lin
e 199.
 [6 <./LP_setup.jpg> <./amp_S_params2.jpg>] [7 <./power_sensor_calib.jpg> <./am
p_setup.jpg> <./amp_LP_input.jpg>]
File: lumped_vs_stepped.png Graphic file (type png)
<use lumped_vs_stepped.png>
Package pdftex.def Info: lumped_vs_stepped.png  used on input line 213. on inpu
t line 213.
Package pdftex.def Info: Requested size: 252.94499pt x 176.53255pt on input lin
e 213.
 [8 <./amp_LP_output.jpg>]
<measured_vs_simulated_LP.png, id=56, 650.43pt x 453.94594pt>
File: measured_vs_simulated_LP.png Graphic file (type png)
<use measured_vs_simulated_LP.png>
Package pdftex.def Info: measured_vs_simulated_LP.png  used on input line 222. 
on input line 222.
Package pdftex.def Info: Requested size: 354.12144pt x 247.14973pt on input lin
e 222.
<measured_vs_simulated_LP_opt.png, id=57, 650.43pt x 453.94594pt>
File: measured_vs_simulated_LP_opt.png Graphic file (type png)
<use measured_vs_simulated_LP_opt.png>
Package pdftex.def Info: measured_vs_simulated_LP_opt.png  used on input line 2
30. on input line 230.
Package pdftex.def Info: Requested size: 354.12144pt x 247.14973pt on input lin
e 230.
 [9 <./measured_vs_simulated_LP.png> <./measured_vs_simulated_LP_opt.png>]
<amp_measured_params.png, id=61, 650.43pt x 331.2375pt>
File: amp_measured_params.png Graphic file (type png)
<use amp_measured_params.png>
Package pdftex.def Info: amp_measured_params.png  used on input line 239. on in
put line 239.
Package pdftex.def Info: Requested size: 404.71353pt x 206.1081pt on input line
 239.
<amp_sim_vs_meas.png, id=62, 650.43pt x 453.94594pt>
File: amp_sim_vs_meas.png Graphic file (type png)
<use amp_sim_vs_meas.png>
Package pdftex.def Info: amp_sim_vs_meas.png  used on input line 246. on input 
line 246.
Package pdftex.def Info: Requested size: 354.12144pt x 247.14973pt on input lin
e 246.
<compression_point.pdf, id=63, pagebox=cropbox, 757.17639pt x 767.91727pt>
File: compression_point.pdf Graphic file (type pdf)
<use compression_point.pdf>
Package pdftex.def Info: compression_point.pdf  used on input line 261. on inpu
t line 261.
Package pdftex.def Info: Requested size: 252.94499pt x 256.53032pt on input lin
e 261.
<Power_20dB.pdf, id=64, pagebox=cropbox, 821.88605pt x 767.19098pt>
File: Power_20dB.pdf Graphic file (type pdf)
<use Power_20dB.pdf>
Package pdftex.def Info: Power_20dB.pdf  used on input line 271. on input line 
271.
Package pdftex.def Info: Requested size: 202.3529pt x 188.88239pt on input line
 271.
<Power_0dB.pdf, id=65, pagebox=cropbox, 803.88606pt x 767.19098pt>
File: Power_0dB.pdf Graphic file (type pdf)
<use Power_0dB.pdf>
Package pdftex.def Info: Power_0dB.pdf  used on input line 277. on input line 2
77.
Package pdftex.def Info: Requested size: 202.3529pt x 193.10838pt on input line
 277.
 [10 <./amp_measured_params.png>] [11 <./amp_sim_vs_meas.png> <./compression_po
int.pdf>]
<amplifier_stability_LP_output.pdf, id=95, pagebox=cropbox, 776.22461pt x 761.4
9411pt>
File: amplifier_stability_LP_output.pdf Graphic file (type pdf)
<use amplifier_stability_LP_output.pdf>
Package pdftex.def Info: amplifier_stability_LP_output.pdf  used on input line 
287. on input line 287.
Package pdftex.def Info: Requested size: 252.94499pt x 248.14496pt on input lin
e 287.
<amp_stability.png, id=96, 650.43pt x 453.94594pt>
File: amp_stability.png Graphic file (type png)
<use amp_stability.png>
Package pdftex.def Info: amp_stability.png  used on input line 294. on input li
ne 294.
Package pdftex.def Info: Requested size: 252.94499pt x 176.53255pt on input lin
e 294.
 [12 <./Power_20dB.pdf> <./Power_0dB.pdf

pdfTeX warning: pdflatex.exe (file ./Power_0dB.pdf): PDF inclusion: multiple pd
fs with page group included in a single page
> <./amplifier_stability_LP_output.pdf

pdfTeX warning: pdflatex.exe (file ./amplifier_stability_LP_output.pdf): PDF in
clusion: multiple pdfs with page group included in a single page
>] [13 <./amp_stability.png>] (./report.aux) ) 
Here is how much of TeX's memory you used:
 4907 strings out of 492990
 73363 string characters out of 6136334
 138153 words of memory out of 5000000
 8362 multiletter control sequences out of 15000+600000
 12780 words of font info for 50 fonts, out of 8000000 for 9000
 1141 hyphenation exceptions out of 8191
 41i,10n,43p,1980b,480s stack positions out of 5000i,500n,10000p,200000b,80000s
<c:/texlive/2017/texmf-dist/fonts
/type1/public/amsfonts/cm/cmbx12.pfb><c:/texlive/2017/texmf-dist/fonts/type1/pu
blic/amsfonts/cm/cmex10.pfb><c:/texlive/2017/texmf-dist/fonts/type1/public/amsf
onts/cm/cmmi10.pfb><c:/texlive/2017/texmf-dist/fonts/type1/public/amsfonts/cm/c
mmi12.pfb><c:/texlive/2017/texmf-dist/fonts/type1/public/amsfonts/cm/cmmi5.pfb>
<c:/texlive/2017/texmf-dist/fonts/type1/public/amsfonts/cm/cmmi7.pfb><c:/texliv
e/2017/texmf-dist/fonts/type1/public/amsfonts/cm/cmmi9.pfb><c:/texlive/2017/tex
mf-dist/fonts/type1/public/amsfonts/cm/cmr10.pfb><c:/texlive/2017/texmf-dist/fo
nts/type1/public/amsfonts/cm/cmr12.pfb><c:/texlive/2017/texmf-dist/fonts/type1/
public/amsfonts/cm/cmr17.pfb><c:/texlive/2017/texmf-dist/fonts/type1/public/ams
fonts/cm/cmr5.pfb><c:/texlive/2017/texmf-dist/fonts/type1/public/amsfonts/cm/cm
r6.pfb><c:/texlive/2017/texmf-dist/fonts/type1/public/amsfonts/cm/cmr7.pfb><c:/
texlive/2017/texmf-dist/fonts/type1/public/amsfonts/cm/cmr9.pfb><c:/texlive/201
7/texmf-dist/fonts/type1/public/amsfonts/cm/cmsy10.pfb><c:/texlive/2017/texmf-d
ist/fonts/type1/public/amsfonts/cm/cmsy7.pfb><c:/texlive/2017/texmf-dist/fonts/
type1/public/amsfonts/cm/cmti12.pfb><c:/texlive/2017/texmf-dist/fonts/type1/urw
/courier/ucrr8a.pfb>
Output written on report.pdf (13 pages, 11502961 bytes).
PDF statistics:
 178 PDF objects out of 1000 (max. 8388607)
 118 compressed objects within 2 object streams
 0 named destinations out of 1000 (max. 500000)
 121 words of extra memory for PDF output out of 10000 (max. 10000000)

