$NI AWR Design Environment
$Version 13.03r build 8415 Rev1 (106556)
$Export time : Wed Nov 08 11:40:41 2017
$Export Format: DXF
$Export File Name: C:\Users\Albert Wandui\Desktop\High Frequency Systems Lab\Lab 6 files\Albert_oscillator.dxf



Statistics Of Layers

Drawing Layer           File Layer              Layer DataType Rects Polygons  Paths Ellipses Texts Pins Drillholes
-------------------------------------------------------------------------------------------------------------------
Annotation              Annotation                13        0     0         0     0        0     0    0         0
Copper                  Copper                     5        0     0        57     0        0     0    0         0
SubcircuitAnnotation    SubcircuitAnnotation      12        0     0         0     0        0     0    0         0
Via                     Via                        3        0     0         0     0        5     0    0         0


Summary Of Objects
------------------
         0 Rects     
        57 Polygons  
         0 Paths     
         0 Texts     
         5 Ellipses  
         0 Instances 
         0 Arrays    
         0 Pins      
         0 Drillholes


Export Options
--------------
Cell library name: Final Circuit
Database unit per DXF unit(nm): 25400
Database unit size (nm):: 127
Draw path as polygon: 1
Export pcell instances as cells: 0
Export subcircuits as cells: 1
Flatten cell hierarchy: 1
Merge polygons on the +/- layers: 1
Replace illegal characters in layer names: 0
Skip faces and draw pins as polygons: 1
Union polygons on the same layer: 0
Write Cell using cached geometry: 0
Write out pcell parameter maps: 0


*** There were 0 warning and 0 error messages ***

